{"/Users/rob/code/robscholey/robscholey_auth-microservice/src/index.ts": {"path":"/Users/rob/code/robscholey/robscholey_auth-microservice/src/index.ts","statementMap":{"0":{"start":{"line":6,"column":12},"end":{"line":6,"column":39}},"1":{"start":{"line":8,"column":0},"end":{"line":18,"column":null}},"2":{"start":{"line":12,"column":12},"end":{"line":12,"column":68}},"3":{"start":{"line":13,"column":6},"end":{"line":13,"column":null}},"4":{"start":{"line":20,"column":0},"end":{"line":22,"column":null}},"5":{"start":{"line":21,"column":2},"end":{"line":21,"column":null}},"6":{"start":{"line":24,"column":0},"end":{"line":24,"column":null}},"7":{"start":{"line":25,"column":0},"end":{"line":25,"column":null}}},"fnMap":{"0":{"name":"(anonymous_0)","decl":{"start":{"line":11,"column":4},"end":{"line":11,"column":13}},"loc":{"start":{"line":11,"column":24},"end":{"line":13,"column":null}},"line":11},"1":{"name":"(anonymous_1)","decl":{"start":{"line":20,"column":8},"end":{"line":20,"column":20}},"loc":{"start":{"line":20,"column":26},"end":{"line":22,"column":null}},"line":20}},"branchMap":{"0":{"loc":{"start":{"line":12,"column":23},"end":{"line":12,"column":58}},"type":"binary-expr","locations":[{"start":{"line":12,"column":23},"end":{"line":12,"column":54}},{"start":{"line":12,"column":54},"end":{"line":12,"column":58}}],"line":12},"1":{"loc":{"start":{"line":13,"column":13},"end":{"line":13,"column":null}},"type":"cond-expr","locations":[{"start":{"line":13,"column":40},"end":{"line":13,"column":49}},{"start":{"line":13,"column":49},"end":{"line":13,"column":null}}],"line":13}},"s":{"0":2,"1":2,"2":76,"3":76,"4":2,"5":1,"6":2,"7":2},"f":{"0":76,"1":1},"b":{"0":[76,0],"1":[1,75]},"meta":{"lastBranch":2,"lastFunction":2,"lastStatement":8,"seen":{"s:6:12:6:39":0,"s:8:0:18:Infinity":1,"f:11:4:11:13":0,"s:12:12:12:68":2,"b:12:23:12:54:12:54:12:58":0,"s:13:6:13:Infinity":3,"b:13:40:13:49:13:49:13:Infinity":1,"s:20:0:22:Infinity":4,"f:20:8:20:20":1,"s:21:2:21:Infinity":5,"s:24:0:24:Infinity":6,"s:25:0:25:Infinity":7}}}
,"/Users/rob/code/robscholey/robscholey_auth-microservice/src/lib/db.ts": {"path":"/Users/rob/code/robscholey/robscholey_auth-microservice/src/lib/db.ts","statementMap":{"0":{"start":{"line":45,"column":17},"end":{"line":45,"column":39}},"1":{"start":{"line":46,"column":18},"end":{"line":46,"column":41}},"2":{"start":{"line":47,"column":18},"end":{"line":47,"column":47}},"3":{"start":{"line":48,"column":21},"end":{"line":48,"column":47}},"4":{"start":{"line":49,"column":36},"end":{"line":49,"column":38}},"5":{"start":{"line":52,"column":4},"end":{"line":52,"column":null}},"6":{"start":{"line":53,"column":4},"end":{"line":53,"column":null}},"7":{"start":{"line":54,"column":4},"end":{"line":54,"column":null}},"8":{"start":{"line":55,"column":4},"end":{"line":55,"column":null}},"9":{"start":{"line":56,"column":4},"end":{"line":56,"column":null}},"10":{"start":{"line":62,"column":4},"end":{"line":62,"column":null}},"11":{"start":{"line":66,"column":4},"end":{"line":66,"column":null}},"12":{"start":{"line":70,"column":16},"end":{"line":70,"column":33}},"13":{"start":{"line":71,"column":4},"end":{"line":71,"column":null}},"14":{"start":{"line":71,"column":29},"end":{"line":71,"column":null}},"15":{"start":{"line":72,"column":4},"end":{"line":72,"column":null}},"16":{"start":{"line":76,"column":4},"end":{"line":76,"column":null}},"17":{"start":{"line":77,"column":4},"end":{"line":77,"column":null}},"18":{"start":{"line":81,"column":16},"end":{"line":81,"column":33}},"19":{"start":{"line":82,"column":4},"end":{"line":82,"column":null}},"20":{"start":{"line":82,"column":14},"end":{"line":82,"column":null}},"21":{"start":{"line":83,"column":20},"end":{"line":83,"column":null}},"22":{"start":{"line":84,"column":4},"end":{"line":84,"column":null}},"23":{"start":{"line":85,"column":4},"end":{"line":85,"column":null}},"24":{"start":{"line":89,"column":4},"end":{"line":89,"column":null}},"25":{"start":{"line":95,"column":4},"end":{"line":95,"column":null}},"26":{"start":{"line":99,"column":4},"end":{"line":99,"column":null}},"27":{"start":{"line":103,"column":4},"end":{"line":104,"column":null}},"28":{"start":{"line":104,"column":6},"end":{"line":104,"column":null}},"29":{"start":{"line":104,"column":38},"end":{"line":104,"column":null}},"30":{"start":{"line":106,"column":4},"end":{"line":106,"column":null}},"31":{"start":{"line":110,"column":4},"end":{"line":110,"column":null}},"32":{"start":{"line":111,"column":4},"end":{"line":111,"column":null}},"33":{"start":{"line":115,"column":17},"end":{"line":115,"column":35}},"34":{"start":{"line":116,"column":4},"end":{"line":116,"column":null}},"35":{"start":{"line":116,"column":15},"end":{"line":116,"column":null}},"36":{"start":{"line":117,"column":20},"end":{"line":117,"column":null}},"37":{"start":{"line":118,"column":4},"end":{"line":118,"column":null}},"38":{"start":{"line":119,"column":4},"end":{"line":119,"column":null}},"39":{"start":{"line":123,"column":4},"end":{"line":123,"column":null}},"40":{"start":{"line":129,"column":4},"end":{"line":129,"column":null}},"41":{"start":{"line":133,"column":4},"end":{"line":133,"column":null}},"42":{"start":{"line":137,"column":4},"end":{"line":137,"column":null}},"43":{"start":{"line":137,"column":50},"end":{"line":137,"column":70}},"44":{"start":{"line":141,"column":4},"end":{"line":141,"column":null}},"45":{"start":{"line":142,"column":4},"end":{"line":142,"column":null}},"46":{"start":{"line":146,"column":21},"end":{"line":146,"column":41}},"47":{"start":{"line":147,"column":4},"end":{"line":147,"column":null}},"48":{"start":{"line":147,"column":19},"end":{"line":147,"column":null}},"49":{"start":{"line":148,"column":20},"end":{"line":148,"column":null}},"50":{"start":{"line":149,"column":4},"end":{"line":149,"column":null}},"51":{"start":{"line":150,"column":4},"end":{"line":150,"column":null}},"52":{"start":{"line":154,"column":4},"end":{"line":154,"column":null}},"53":{"start":{"line":160,"column":4},"end":{"line":160,"column":null}},"54":{"start":{"line":164,"column":4},"end":{"line":164,"column":null}},"55":{"start":{"line":164,"column":53},"end":{"line":164,"column":73}},"56":{"start":{"line":168,"column":4},"end":{"line":168,"column":null}},"57":{"start":{"line":169,"column":4},"end":{"line":169,"column":null}},"58":{"start":{"line":173,"column":20},"end":{"line":173,"column":44}},"59":{"start":{"line":174,"column":4},"end":{"line":174,"column":null}},"60":{"start":{"line":174,"column":18},"end":{"line":174,"column":null}},"61":{"start":{"line":175,"column":20},"end":{"line":175,"column":null}},"62":{"start":{"line":176,"column":4},"end":{"line":176,"column":null}},"63":{"start":{"line":177,"column":4},"end":{"line":177,"column":null}},"64":{"start":{"line":181,"column":4},"end":{"line":181,"column":null}},"65":{"start":{"line":187,"column":4},"end":{"line":187,"column":null}},"66":{"start":{"line":195,"column":4},"end":{"line":200,"column":null}},"67":{"start":{"line":196,"column":6},"end":{"line":196,"column":null}},"68":{"start":{"line":196,"column":59},"end":{"line":196,"column":null}},"69":{"start":{"line":197,"column":6},"end":{"line":197,"column":null}},"70":{"start":{"line":197,"column":77},"end":{"line":197,"column":null}},"71":{"start":{"line":198,"column":6},"end":{"line":198,"column":null}},"72":{"start":{"line":198,"column":56},"end":{"line":198,"column":null}},"73":{"start":{"line":199,"column":6},"end":{"line":199,"column":null}},"74":{"start":{"line":204,"column":18},"end":{"line":204,"column":34}}},"fnMap":{"0":{"name":"(anonymous_0)","decl":{"start":{"line":51,"column":2},"end":{"line":51,"column":21}},"loc":{"start":{"line":51,"column":21},"end":{"line":56,"column":null}},"line":51},"1":{"name":"(anonymous_1)","decl":{"start":{"line":61,"column":8},"end":{"line":61,"column":34}},"loc":{"start":{"line":61,"column":34},"end":{"line":62,"column":null}},"line":61},"2":{"name":"(anonymous_2)","decl":{"start":{"line":65,"column":8},"end":{"line":65,"column":15}},"loc":{"start":{"line":65,"column":48},"end":{"line":66,"column":null}},"line":65},"3":{"name":"(anonymous_3)","decl":{"start":{"line":69,"column":8},"end":{"line":69,"column":19}},"loc":{"start":{"line":69,"column":82},"end":{"line":72,"column":null}},"line":69},"4":{"name":"(anonymous_4)","decl":{"start":{"line":75,"column":8},"end":{"line":75,"column":18}},"loc":{"start":{"line":75,"column":42},"end":{"line":77,"column":null}},"line":75},"5":{"name":"(anonymous_5)","decl":{"start":{"line":80,"column":8},"end":{"line":80,"column":18}},"loc":{"start":{"line":80,"column":83},"end":{"line":85,"column":null}},"line":80},"6":{"name":"(anonymous_6)","decl":{"start":{"line":88,"column":8},"end":{"line":88,"column":18}},"loc":{"start":{"line":88,"column":48},"end":{"line":89,"column":null}},"line":88},"7":{"name":"(anonymous_7)","decl":{"start":{"line":94,"column":8},"end":{"line":94,"column":36}},"loc":{"start":{"line":94,"column":36},"end":{"line":95,"column":null}},"line":94},"8":{"name":"(anonymous_8)","decl":{"start":{"line":98,"column":8},"end":{"line":98,"column":16}},"loc":{"start":{"line":98,"column":50},"end":{"line":99,"column":null}},"line":98},"9":{"name":"(anonymous_9)","decl":{"start":{"line":102,"column":8},"end":{"line":102,"column":26}},"loc":{"start":{"line":102,"column":66},"end":{"line":106,"column":null}},"line":102},"10":{"name":"(anonymous_10)","decl":{"start":{"line":109,"column":8},"end":{"line":109,"column":19}},"loc":{"start":{"line":109,"column":46},"end":{"line":111,"column":null}},"line":109},"11":{"name":"(anonymous_11)","decl":{"start":{"line":114,"column":8},"end":{"line":114,"column":19}},"loc":{"start":{"line":114,"column":86},"end":{"line":119,"column":null}},"line":114},"12":{"name":"(anonymous_12)","decl":{"start":{"line":122,"column":8},"end":{"line":122,"column":19}},"loc":{"start":{"line":122,"column":49},"end":{"line":123,"column":null}},"line":122},"13":{"name":"(anonymous_13)","decl":{"start":{"line":128,"column":8},"end":{"line":128,"column":42}},"loc":{"start":{"line":128,"column":42},"end":{"line":129,"column":null}},"line":128},"14":{"name":"(anonymous_14)","decl":{"start":{"line":132,"column":8},"end":{"line":132,"column":16}},"loc":{"start":{"line":132,"column":58},"end":{"line":133,"column":null}},"line":132},"15":{"name":"(anonymous_15)","decl":{"start":{"line":136,"column":8},"end":{"line":136,"column":23}},"loc":{"start":{"line":136,"column":62},"end":{"line":137,"column":null}},"line":136},"16":{"name":"(anonymous_16)","decl":{"start":{"line":137,"column":36},"end":{"line":137,"column":44}},"loc":{"start":{"line":137,"column":50},"end":{"line":137,"column":70}},"line":137},"17":{"name":"(anonymous_17)","decl":{"start":{"line":140,"column":8},"end":{"line":140,"column":19}},"loc":{"start":{"line":140,"column":58},"end":{"line":142,"column":null}},"line":140},"18":{"name":"(anonymous_18)","decl":{"start":{"line":145,"column":8},"end":{"line":145,"column":19}},"loc":{"start":{"line":145,"column":102},"end":{"line":150,"column":null}},"line":145},"19":{"name":"(anonymous_19)","decl":{"start":{"line":153,"column":8},"end":{"line":153,"column":19}},"loc":{"start":{"line":153,"column":51},"end":{"line":154,"column":null}},"line":153},"20":{"name":"(anonymous_20)","decl":{"start":{"line":159,"column":8},"end":{"line":159,"column":19}},"loc":{"start":{"line":159,"column":59},"end":{"line":160,"column":null}},"line":159},"21":{"name":"(anonymous_21)","decl":{"start":{"line":163,"column":8},"end":{"line":163,"column":26}},"loc":{"start":{"line":163,"column":62},"end":{"line":164,"column":null}},"line":163},"22":{"name":"(anonymous_22)","decl":{"start":{"line":164,"column":39},"end":{"line":164,"column":47}},"loc":{"start":{"line":164,"column":53},"end":{"line":164,"column":73}},"line":164},"23":{"name":"(anonymous_23)","decl":{"start":{"line":167,"column":8},"end":{"line":167,"column":22}},"loc":{"start":{"line":167,"column":58},"end":{"line":169,"column":null}},"line":167},"24":{"name":"(anonymous_24)","decl":{"start":{"line":172,"column":8},"end":{"line":172,"column":22}},"loc":{"start":{"line":172,"column":101},"end":{"line":177,"column":null}},"line":172},"25":{"name":"(anonymous_25)","decl":{"start":{"line":180,"column":8},"end":{"line":180,"column":22}},"loc":{"start":{"line":180,"column":55},"end":{"line":181,"column":null}},"line":180},"26":{"name":"(anonymous_26)","decl":{"start":{"line":186,"column":8},"end":{"line":186,"column":18}},"loc":{"start":{"line":186,"column":49},"end":{"line":187,"column":null}},"line":186},"27":{"name":"(anonymous_27)","decl":{"start":{"line":190,"column":8},"end":{"line":190,"column":22}},"loc":{"start":{"line":194,"column":27},"end":{"line":200,"column":null}},"line":194},"28":{"name":"(anonymous_28)","decl":{"start":{"line":195,"column":27},"end":{"line":195,"column":35}},"loc":{"start":{"line":195,"column":43},"end":{"line":200,"column":null}},"line":195}},"branchMap":{"0":{"loc":{"start":{"line":66,"column":11},"end":{"line":66,"column":null}},"type":"binary-expr","locations":[{"start":{"line":66,"column":11},"end":{"line":66,"column":28}},{"start":{"line":66,"column":32},"end":{"line":66,"column":null}}],"line":66},"1":{"loc":{"start":{"line":71,"column":4},"end":{"line":71,"column":null}},"type":"if","locations":[{"start":{"line":71,"column":4},"end":{"line":71,"column":null}},{"start":{},"end":{}}],"line":71},"2":{"loc":{"start":{"line":71,"column":8},"end":{"line":71,"column":29}},"type":"binary-expr","locations":[{"start":{"line":71,"column":8},"end":{"line":71,"column":16}},{"start":{"line":71,"column":16},"end":{"line":71,"column":29}}],"line":71},"3":{"loc":{"start":{"line":82,"column":4},"end":{"line":82,"column":null}},"type":"if","locations":[{"start":{"line":82,"column":4},"end":{"line":82,"column":null}},{"start":{},"end":{}}],"line":82},"4":{"loc":{"start":{"line":99,"column":11},"end":{"line":99,"column":null}},"type":"binary-expr","locations":[{"start":{"line":99,"column":11},"end":{"line":99,"column":29}},{"start":{"line":99,"column":33},"end":{"line":99,"column":null}}],"line":99},"5":{"loc":{"start":{"line":104,"column":6},"end":{"line":104,"column":null}},"type":"if","locations":[{"start":{"line":104,"column":6},"end":{"line":104,"column":null}},{"start":{},"end":{}}],"line":104},"6":{"loc":{"start":{"line":116,"column":4},"end":{"line":116,"column":null}},"type":"if","locations":[{"start":{"line":116,"column":4},"end":{"line":116,"column":null}},{"start":{},"end":{}}],"line":116},"7":{"loc":{"start":{"line":133,"column":11},"end":{"line":133,"column":null}},"type":"binary-expr","locations":[{"start":{"line":133,"column":11},"end":{"line":133,"column":31}},{"start":{"line":133,"column":35},"end":{"line":133,"column":null}}],"line":133},"8":{"loc":{"start":{"line":147,"column":4},"end":{"line":147,"column":null}},"type":"if","locations":[{"start":{"line":147,"column":4},"end":{"line":147,"column":null}},{"start":{},"end":{}}],"line":147},"9":{"loc":{"start":{"line":160,"column":11},"end":{"line":160,"column":null}},"type":"binary-expr","locations":[{"start":{"line":160,"column":11},"end":{"line":160,"column":35}},{"start":{"line":160,"column":39},"end":{"line":160,"column":null}}],"line":160},"10":{"loc":{"start":{"line":174,"column":4},"end":{"line":174,"column":null}},"type":"if","locations":[{"start":{"line":174,"column":4},"end":{"line":174,"column":null}},{"start":{},"end":{}}],"line":174},"11":{"loc":{"start":{"line":196,"column":6},"end":{"line":196,"column":null}},"type":"if","locations":[{"start":{"line":196,"column":6},"end":{"line":196,"column":null}},{"start":{},"end":{}}],"line":196},"12":{"loc":{"start":{"line":196,"column":10},"end":{"line":196,"column":59}},"type":"binary-expr","locations":[{"start":{"line":196,"column":10},"end":{"line":196,"column":28}},{"start":{"line":196,"column":28},"end":{"line":196,"column":59}}],"line":196},"13":{"loc":{"start":{"line":197,"column":6},"end":{"line":197,"column":null}},"type":"if","locations":[{"start":{"line":197,"column":6},"end":{"line":197,"column":null}},{"start":{},"end":{}}],"line":197},"14":{"loc":{"start":{"line":197,"column":10},"end":{"line":197,"column":77}},"type":"binary-expr","locations":[{"start":{"line":197,"column":10},"end":{"line":197,"column":34}},{"start":{"line":197,"column":34},"end":{"line":197,"column":77}}],"line":197},"15":{"loc":{"start":{"line":198,"column":6},"end":{"line":198,"column":null}},"type":"if","locations":[{"start":{"line":198,"column":6},"end":{"line":198,"column":null}},{"start":{},"end":{}}],"line":198},"16":{"loc":{"start":{"line":198,"column":10},"end":{"line":198,"column":56}},"type":"binary-expr","locations":[{"start":{"line":198,"column":10},"end":{"line":198,"column":27}},{"start":{"line":198,"column":27},"end":{"line":198,"column":56}}],"line":198}},"s":{"0":29,"1":29,"2":29,"3":29,"4":29,"5":41,"6":41,"7":41,"8":41,"9":41,"10":58,"11":6,"12":3,"13":3,"14":2,"15":1,"16":11,"17":11,"18":4,"19":4,"20":2,"21":2,"22":2,"23":2,"24":3,"25":24,"26":18,"27":10,"28":10,"29":8,"30":2,"31":30,"32":30,"33":1,"34":1,"35":1,"36":0,"37":0,"38":0,"39":1,"40":0,"41":16,"42":2,"43":4,"44":13,"45":13,"46":2,"47":2,"48":1,"49":1,"50":1,"51":1,"52":1,"53":25,"54":2,"55":2,"56":32,"57":32,"58":5,"59":5,"60":1,"61":4,"62":4,"63":4,"64":5,"65":3,"66":5,"67":5,"68":1,"69":4,"70":0,"71":4,"72":1,"73":3,"74":3},"f":{"0":41,"1":58,"2":6,"3":3,"4":11,"5":4,"6":3,"7":24,"8":18,"9":10,"10":30,"11":1,"12":1,"13":0,"14":16,"15":2,"16":4,"17":13,"18":2,"19":1,"20":25,"21":2,"22":2,"23":32,"24":5,"25":5,"26":3,"27":5,"28":5},"b":{"0":[6,4],"1":[2,1],"2":[3,2],"3":[2,2],"4":[18,2],"5":[8,2],"6":[1,0],"7":[16,7],"8":[1,1],"9":[25,6],"10":[1,4],"11":[1,4],"12":[5,2],"13":[0,4],"14":[4,0],"15":[1,3],"16":[4,2]},"meta":{"lastBranch":17,"lastFunction":29,"lastStatement":75,"seen":{"s:45:17:45:39":0,"s:46:18:46:41":1,"s:47:18:47:47":2,"s:48:21:48:47":3,"s:49:36:49:38":4,"f:51:2:51:21":0,"s:52:4:52:Infinity":5,"s:53:4:53:Infinity":6,"s:54:4:54:Infinity":7,"s:55:4:55:Infinity":8,"s:56:4:56:Infinity":9,"f:61:8:61:34":1,"s:62:4:62:Infinity":10,"f:65:8:65:15":2,"s:66:4:66:Infinity":11,"b:66:11:66:28:66:32:66:Infinity":0,"f:69:8:69:19":3,"s:70:16:70:33":12,"b:71:4:71:Infinity:undefined:undefined:undefined:undefined":1,"s:71:4:71:Infinity":13,"b:71:8:71:16:71:16:71:29":2,"s:71:29:71:Infinity":14,"s:72:4:72:Infinity":15,"f:75:8:75:18":4,"s:76:4:76:Infinity":16,"s:77:4:77:Infinity":17,"f:80:8:80:18":5,"s:81:16:81:33":18,"b:82:4:82:Infinity:undefined:undefined:undefined:undefined":3,"s:82:4:82:Infinity":19,"s:82:14:82:Infinity":20,"s:83:20:83:Infinity":21,"s:84:4:84:Infinity":22,"s:85:4:85:Infinity":23,"f:88:8:88:18":6,"s:89:4:89:Infinity":24,"f:94:8:94:36":7,"s:95:4:95:Infinity":25,"f:98:8:98:16":8,"s:99:4:99:Infinity":26,"b:99:11:99:29:99:33:99:Infinity":4,"f:102:8:102:26":9,"s:103:4:104:Infinity":27,"b:104:6:104:Infinity:undefined:undefined:undefined:undefined":5,"s:104:6:104:Infinity":28,"s:104:38:104:Infinity":29,"s:106:4:106:Infinity":30,"f:109:8:109:19":10,"s:110:4:110:Infinity":31,"s:111:4:111:Infinity":32,"f:114:8:114:19":11,"s:115:17:115:35":33,"b:116:4:116:Infinity:undefined:undefined:undefined:undefined":6,"s:116:4:116:Infinity":34,"s:116:15:116:Infinity":35,"s:117:20:117:Infinity":36,"s:118:4:118:Infinity":37,"s:119:4:119:Infinity":38,"f:122:8:122:19":12,"s:123:4:123:Infinity":39,"f:128:8:128:42":13,"s:129:4:129:Infinity":40,"f:132:8:132:16":14,"s:133:4:133:Infinity":41,"b:133:11:133:31:133:35:133:Infinity":7,"f:136:8:136:23":15,"s:137:4:137:Infinity":42,"f:137:36:137:44":16,"s:137:50:137:70":43,"f:140:8:140:19":17,"s:141:4:141:Infinity":44,"s:142:4:142:Infinity":45,"f:145:8:145:19":18,"s:146:21:146:41":46,"b:147:4:147:Infinity:undefined:undefined:undefined:undefined":8,"s:147:4:147:Infinity":47,"s:147:19:147:Infinity":48,"s:148:20:148:Infinity":49,"s:149:4:149:Infinity":50,"s:150:4:150:Infinity":51,"f:153:8:153:19":19,"s:154:4:154:Infinity":52,"f:159:8:159:19":20,"s:160:4:160:Infinity":53,"b:160:11:160:35:160:39:160:Infinity":9,"f:163:8:163:26":21,"s:164:4:164:Infinity":54,"f:164:39:164:47":22,"s:164:53:164:73":55,"f:167:8:167:22":23,"s:168:4:168:Infinity":56,"s:169:4:169:Infinity":57,"f:172:8:172:22":24,"s:173:20:173:44":58,"b:174:4:174:Infinity:undefined:undefined:undefined:undefined":10,"s:174:4:174:Infinity":59,"s:174:18:174:Infinity":60,"s:175:20:175:Infinity":61,"s:176:4:176:Infinity":62,"s:177:4:177:Infinity":63,"f:180:8:180:22":25,"s:181:4:181:Infinity":64,"f:186:8:186:18":26,"s:187:4:187:Infinity":65,"f:190:8:190:22":27,"s:195:4:200:Infinity":66,"f:195:27:195:35":28,"b:196:6:196:Infinity:undefined:undefined:undefined:undefined":11,"s:196:6:196:Infinity":67,"b:196:10:196:28:196:28:196:59":12,"s:196:59:196:Infinity":68,"b:197:6:197:Infinity:undefined:undefined:undefined:undefined":13,"s:197:6:197:Infinity":69,"b:197:10:197:34:197:34:197:77":14,"s:197:77:197:Infinity":70,"b:198:6:198:Infinity:undefined:undefined:undefined:undefined":15,"s:198:6:198:Infinity":71,"b:198:10:198:27:198:27:198:56":16,"s:198:56:198:Infinity":72,"s:199:6:199:Infinity":73,"s:204:18:204:34":74}}}
,"/Users/rob/code/robscholey/robscholey_auth-microservice/src/lib/jwt.ts": {"path":"/Users/rob/code/robscholey/robscholey_auth-microservice/src/lib/jwt.ts","statementMap":{"0":{"start":{"line":11,"column":17},"end":{"line":11,"column":null}},"1":{"start":{"line":12,"column":2},"end":{"line":12,"column":null}},"2":{"start":{"line":12,"column":15},"end":{"line":12,"column":null}},"3":{"start":{"line":13,"column":2},"end":{"line":13,"column":null}},"4":{"start":{"line":17,"column":18},"end":{"line":17,"column":null}},"5":{"start":{"line":18,"column":2},"end":{"line":18,"column":null}},"6":{"start":{"line":22,"column":2},"end":{"line":26,"column":null}},"7":{"start":{"line":32,"column":2},"end":{"line":36,"column":null}},"8":{"start":{"line":33,"column":24},"end":{"line":33,"column":63}},"9":{"start":{"line":34,"column":4},"end":{"line":34,"column":null}},"10":{"start":{"line":36,"column":4},"end":{"line":36,"column":null}}},"fnMap":{"0":{"name":"getSigningKey","decl":{"start":{"line":10,"column":9},"end":{"line":10,"column":37}},"loc":{"start":{"line":10,"column":37},"end":{"line":13,"column":null}},"line":10},"1":{"name":"getExpiry","decl":{"start":{"line":16,"column":9},"end":{"line":16,"column":29}},"loc":{"start":{"line":16,"column":29},"end":{"line":18,"column":null}},"line":16},"2":{"name":"signJWT","decl":{"start":{"line":21,"column":22},"end":{"line":21,"column":30}},"loc":{"start":{"line":21,"column":68},"end":{"line":26,"column":null}},"line":21},"3":{"name":"verifyJWT","decl":{"start":{"line":29,"column":22},"end":{"line":29,"column":null}},"loc":{"start":{"line":31,"column":30},"end":{"line":36,"column":null}},"line":31}},"branchMap":{"0":{"loc":{"start":{"line":12,"column":2},"end":{"line":12,"column":null}},"type":"if","locations":[{"start":{"line":12,"column":2},"end":{"line":12,"column":null}},{"start":{},"end":{}}],"line":12},"1":{"loc":{"start":{"line":17,"column":18},"end":{"line":17,"column":null}},"type":"binary-expr","locations":[{"start":{"line":17,"column":18},"end":{"line":17,"column":44}},{"start":{"line":17,"column":44},"end":{"line":17,"column":null}}],"line":17}},"s":{"0":36,"1":36,"2":0,"3":36,"4":32,"5":32,"6":32,"7":4,"8":4,"9":2,"10":2},"f":{"0":36,"1":32,"2":32,"3":4},"b":{"0":[0,36],"1":[32,0]},"meta":{"lastBranch":2,"lastFunction":4,"lastStatement":11,"seen":{"f:10:9:10:37":0,"s:11:17:11:Infinity":0,"b:12:2:12:Infinity:undefined:undefined:undefined:undefined":0,"s:12:2:12:Infinity":1,"s:12:15:12:Infinity":2,"s:13:2:13:Infinity":3,"f:16:9:16:29":1,"s:17:18:17:Infinity":4,"b:17:18:17:44:17:44:17:Infinity":1,"s:18:2:18:Infinity":5,"f:21:22:21:30":2,"s:22:2:26:Infinity":6,"f:29:22:29:Infinity":3,"s:32:2:36:Infinity":7,"s:33:24:33:63":8,"s:34:4:34:Infinity":9,"s:36:4:36:Infinity":10}}}
,"/Users/rob/code/robscholey/robscholey_auth-microservice/src/lib/password.ts": {"path":"/Users/rob/code/robscholey/robscholey_auth-microservice/src/lib/password.ts","statementMap":{"0":{"start":{"line":3,"column":20},"end":{"line":3,"column":null}},"1":{"start":{"line":6,"column":2},"end":{"line":6,"column":null}},"2":{"start":{"line":13,"column":2},"end":{"line":13,"column":null}}},"fnMap":{"0":{"name":"hashPassword","decl":{"start":{"line":5,"column":22},"end":{"line":5,"column":35}},"loc":{"start":{"line":5,"column":70},"end":{"line":6,"column":null}},"line":5},"1":{"name":"comparePassword","decl":{"start":{"line":9,"column":22},"end":{"line":9,"column":null}},"loc":{"start":{"line":12,"column":20},"end":{"line":13,"column":null}},"line":12}},"branchMap":{},"s":{"0":3,"1":28,"2":11},"f":{"0":28,"1":11},"b":{},"meta":{"lastBranch":0,"lastFunction":2,"lastStatement":3,"seen":{"s:3:20:3:Infinity":0,"f:5:22:5:35":0,"s:6:2:6:Infinity":1,"f:9:22:9:Infinity":1,"s:13:2:13:Infinity":2}}}
,"/Users/rob/code/robscholey/robscholey_auth-microservice/src/lib/session.ts": {"path":"/Users/rob/code/robscholey/robscholey_auth-microservice/src/lib/session.ts","statementMap":{"0":{"start":{"line":2,"column":2},"end":{"line":2,"column":null}}},"fnMap":{"0":{"name":"createSessionToken","decl":{"start":{"line":1,"column":16},"end":{"line":1,"column":45}},"loc":{"start":{"line":1,"column":45},"end":{"line":2,"column":null}},"line":1}},"branchMap":{},"s":{"0":128},"f":{"0":128},"b":{},"meta":{"lastBranch":0,"lastFunction":1,"lastStatement":1,"seen":{"f:1:16:1:45":0,"s:2:2:2:Infinity":0}}}
,"/Users/rob/code/robscholey/robscholey_auth-microservice/src/middleware/adminAuth.ts": {"path":"/Users/rob/code/robscholey/robscholey_auth-microservice/src/middleware/adminAuth.ts","statementMap":{"0":{"start":{"line":4,"column":44},"end":{"line":31,"column":null}},"1":{"start":{"line":5,"column":21},"end":{"line":5,"column":50}},"2":{"start":{"line":6,"column":2},"end":{"line":7,"column":null}},"3":{"start":{"line":7,"column":4},"end":{"line":7,"column":null}},"4":{"start":{"line":10,"column":16},"end":{"line":10,"column":35}},"5":{"start":{"line":11,"column":18},"end":{"line":11,"column":44}},"6":{"start":{"line":12,"column":2},"end":{"line":13,"column":null}},"7":{"start":{"line":13,"column":4},"end":{"line":13,"column":null}},"8":{"start":{"line":16,"column":2},"end":{"line":18,"column":null}},"9":{"start":{"line":17,"column":4},"end":{"line":17,"column":null}},"10":{"start":{"line":18,"column":4},"end":{"line":18,"column":null}},"11":{"start":{"line":21,"column":2},"end":{"line":22,"column":null}},"12":{"start":{"line":22,"column":4},"end":{"line":22,"column":null}},"13":{"start":{"line":25,"column":15},"end":{"line":25,"column":47}},"14":{"start":{"line":26,"column":2},"end":{"line":27,"column":null}},"15":{"start":{"line":27,"column":4},"end":{"line":27,"column":null}},"16":{"start":{"line":30,"column":2},"end":{"line":30,"column":null}},"17":{"start":{"line":31,"column":2},"end":{"line":31,"column":null}}},"fnMap":{"0":{"name":"(anonymous_0)","decl":{"start":{"line":4,"column":44},"end":{"line":4,"column":51}},"loc":{"start":{"line":4,"column":63},"end":{"line":31,"column":null}},"line":4}},"branchMap":{"0":{"loc":{"start":{"line":6,"column":2},"end":{"line":7,"column":null}},"type":"if","locations":[{"start":{"line":6,"column":2},"end":{"line":7,"column":null}},{"start":{},"end":{}}],"line":6},"1":{"loc":{"start":{"line":12,"column":2},"end":{"line":13,"column":null}},"type":"if","locations":[{"start":{"line":12,"column":2},"end":{"line":13,"column":null}},{"start":{},"end":{}}],"line":12},"2":{"loc":{"start":{"line":16,"column":2},"end":{"line":18,"column":null}},"type":"if","locations":[{"start":{"line":16,"column":2},"end":{"line":18,"column":null}},{"start":{},"end":{}}],"line":16},"3":{"loc":{"start":{"line":21,"column":2},"end":{"line":22,"column":null}},"type":"if","locations":[{"start":{"line":21,"column":2},"end":{"line":22,"column":null}},{"start":{},"end":{}}],"line":21},"4":{"loc":{"start":{"line":26,"column":2},"end":{"line":27,"column":null}},"type":"if","locations":[{"start":{"line":26,"column":2},"end":{"line":27,"column":null}},{"start":{},"end":{}}],"line":26},"5":{"loc":{"start":{"line":26,"column":6},"end":{"line":26,"column":38}},"type":"binary-expr","locations":[{"start":{"line":26,"column":6},"end":{"line":26,"column":15}},{"start":{"line":26,"column":15},"end":{"line":26,"column":38}}],"line":26}},"s":{"0":2,"1":15,"2":15,"3":1,"4":14,"5":14,"6":14,"7":1,"8":13,"9":1,"10":1,"11":12,"12":0,"13":12,"14":12,"15":1,"16":11,"17":11},"f":{"0":15},"b":{"0":[1,14],"1":[1,13],"2":[1,12],"3":[0,12],"4":[1,11],"5":[12,12]},"meta":{"lastBranch":6,"lastFunction":1,"lastStatement":18,"seen":{"s:4:44:31:Infinity":0,"f:4:44:4:51":0,"s:5:21:5:50":1,"b:6:2:7:Infinity:undefined:undefined:undefined:undefined":0,"s:6:2:7:Infinity":2,"s:7:4:7:Infinity":3,"s:10:16:10:35":4,"s:11:18:11:44":5,"b:12:2:13:Infinity:undefined:undefined:undefined:undefined":1,"s:12:2:13:Infinity":6,"s:13:4:13:Infinity":7,"b:16:2:18:Infinity:undefined:undefined:undefined:undefined":2,"s:16:2:18:Infinity":8,"s:17:4:17:Infinity":9,"s:18:4:18:Infinity":10,"b:21:2:22:Infinity:undefined:undefined:undefined:undefined":3,"s:21:2:22:Infinity":11,"s:22:4:22:Infinity":12,"s:25:15:25:47":13,"b:26:2:27:Infinity:undefined:undefined:undefined:undefined":4,"s:26:2:27:Infinity":14,"b:26:6:26:15:26:15:26:38":5,"s:27:4:27:Infinity":15,"s:30:2:30:Infinity":16,"s:31:2:31:Infinity":17}}}
,"/Users/rob/code/robscholey/robscholey_auth-microservice/src/middleware/rateLimit.ts": {"path":"/Users/rob/code/robscholey/robscholey_auth-microservice/src/middleware/rateLimit.ts","statementMap":{"0":{"start":{"line":8,"column":14},"end":{"line":8,"column":47}},"1":{"start":{"line":10,"column":21},"end":{"line":10,"column":null}},"2":{"start":{"line":11,"column":18},"end":{"line":11,"column":null}},"3":{"start":{"line":14,"column":0},"end":{"line":19,"column":null}},"4":{"start":{"line":15,"column":14},"end":{"line":15,"column":24}},"5":{"start":{"line":16,"column":2},"end":{"line":17,"column":null}},"6":{"start":{"line":17,"column":4},"end":{"line":17,"column":null}},"7":{"start":{"line":17,"column":29},"end":{"line":17,"column":null}},"8":{"start":{"line":22,"column":2},"end":{"line":25,"column":null}},"9":{"start":{"line":29,"column":44},"end":{"line":46,"column":null}},"10":{"start":{"line":30,"column":13},"end":{"line":30,"column":27}},"11":{"start":{"line":31,"column":14},"end":{"line":31,"column":24}},"12":{"start":{"line":32,"column":16},"end":{"line":32,"column":29}},"13":{"start":{"line":34,"column":2},"end":{"line":43,"column":null}},"14":{"start":{"line":35,"column":4},"end":{"line":39,"column":null}},"15":{"start":{"line":36,"column":6},"end":{"line":39,"column":null}},"16":{"start":{"line":41,"column":4},"end":{"line":41,"column":null}},"17":{"start":{"line":43,"column":4},"end":{"line":43,"column":null}},"18":{"start":{"line":46,"column":2},"end":{"line":46,"column":null}},"19":{"start":{"line":50,"column":2},"end":{"line":50,"column":null}}},"fnMap":{"0":{"name":"(anonymous_0)","decl":{"start":{"line":14,"column":0},"end":{"line":14,"column":18}},"loc":{"start":{"line":14,"column":18},"end":{"line":19,"column":13}},"line":14},"1":{"name":"getClientIP","decl":{"start":{"line":21,"column":9},"end":{"line":21,"column":21}},"loc":{"start":{"line":21,"column":91},"end":{"line":25,"column":null}},"line":21},"2":{"name":"(anonymous_2)","decl":{"start":{"line":29,"column":44},"end":{"line":29,"column":51}},"loc":{"start":{"line":29,"column":63},"end":{"line":46,"column":null}},"line":29},"3":{"name":"_testResetRateLimit","decl":{"start":{"line":49,"column":16},"end":{"line":49,"column":44}},"loc":{"start":{"line":49,"column":44},"end":{"line":50,"column":null}},"line":49}},"branchMap":{"0":{"loc":{"start":{"line":17,"column":4},"end":{"line":17,"column":null}},"type":"if","locations":[{"start":{"line":17,"column":4},"end":{"line":17,"column":null}},{"start":{},"end":{}}],"line":17},"1":{"loc":{"start":{"line":23,"column":4},"end":{"line":25,"column":null}},"type":"binary-expr","locations":[{"start":{"line":23,"column":4},"end":{"line":23,"column":57}},{"start":{"line":24,"column":4},"end":{"line":24,"column":29}},{"start":{"line":25,"column":4},"end":{"line":25,"column":null}}],"line":23},"2":{"loc":{"start":{"line":34,"column":2},"end":{"line":43,"column":null}},"type":"if","locations":[{"start":{"line":34,"column":2},"end":{"line":43,"column":null}},{"start":{"line":42,"column":9},"end":{"line":43,"column":null}}],"line":34},"3":{"loc":{"start":{"line":34,"column":6},"end":{"line":34,"column":36}},"type":"binary-expr","locations":[{"start":{"line":34,"column":6},"end":{"line":34,"column":15}},{"start":{"line":34,"column":15},"end":{"line":34,"column":36}}],"line":34},"4":{"loc":{"start":{"line":35,"column":4},"end":{"line":39,"column":null}},"type":"if","locations":[{"start":{"line":35,"column":4},"end":{"line":39,"column":null}},{"start":{},"end":{}}],"line":35}},"s":{"0":2,"1":2,"2":2,"3":2,"4":0,"5":0,"6":0,"7":0,"8":25,"9":2,"10":25,"11":25,"12":25,"13":25,"14":10,"15":2,"16":8,"17":15,"18":23,"19":41},"f":{"0":0,"1":25,"2":25,"3":41},"b":{"0":[0,0],"1":[25,25,25],"2":[10,15],"3":[25,10],"4":[2,8]},"meta":{"lastBranch":5,"lastFunction":4,"lastStatement":20,"seen":{"s:8:14:8:47":0,"s:10:21:10:Infinity":1,"s:11:18:11:Infinity":2,"s:14:0:19:Infinity":3,"f:14:0:14:18":0,"s:15:14:15:24":4,"s:16:2:17:Infinity":5,"b:17:4:17:Infinity:undefined:undefined:undefined:undefined":0,"s:17:4:17:Infinity":6,"s:17:29:17:Infinity":7,"f:21:9:21:21":1,"s:22:2:25:Infinity":8,"b:23:4:23:57:24:4:24:29:25:4:25:Infinity":1,"s:29:44:46:Infinity":9,"f:29:44:29:51":2,"s:30:13:30:27":10,"s:31:14:31:24":11,"s:32:16:32:29":12,"b:34:2:43:Infinity:42:9:43:Infinity":2,"s:34:2:43:Infinity":13,"b:34:6:34:15:34:15:34:36":3,"b:35:4:39:Infinity:undefined:undefined:undefined:undefined":4,"s:35:4:39:Infinity":14,"s:36:6:39:Infinity":15,"s:41:4:41:Infinity":16,"s:43:4:43:Infinity":17,"s:46:2:46:Infinity":18,"f:49:16:49:44":3,"s:50:2:50:Infinity":19}}}
,"/Users/rob/code/robscholey/robscholey_auth-microservice/src/routes/admin.ts": {"path":"/Users/rob/code/robscholey/robscholey_auth-microservice/src/routes/admin.ts","statementMap":{"0":{"start":{"line":6,"column":14},"end":{"line":6,"column":24}},"1":{"start":{"line":8,"column":0},"end":{"line":8,"column":null}},"2":{"start":{"line":11,"column":0},"end":{"line":13,"column":null}},"3":{"start":{"line":12,"column":2},"end":{"line":12,"column":null}},"4":{"start":{"line":16,"column":0},"end":{"line":37,"column":null}},"5":{"start":{"line":17,"column":15},"end":{"line":17,"column":77}},"6":{"start":{"line":18,"column":2},"end":{"line":19,"column":null}},"7":{"start":{"line":19,"column":4},"end":{"line":19,"column":null}},"8":{"start":{"line":22,"column":19},"end":{"line":22,"column":43}},"9":{"start":{"line":23,"column":2},"end":{"line":24,"column":null}},"10":{"start":{"line":24,"column":4},"end":{"line":24,"column":null}},"11":{"start":{"line":27,"column":19},"end":{"line":34,"column":null}},"12":{"start":{"line":36,"column":2},"end":{"line":36,"column":null}},"13":{"start":{"line":40,"column":0},"end":{"line":50,"column":null}},"14":{"start":{"line":41,"column":13},"end":{"line":41,"column":30}},"15":{"start":{"line":42,"column":15},"end":{"line":42,"column":59}},"16":{"start":{"line":44,"column":18},"end":{"line":44,"column":46}},"17":{"start":{"line":45,"column":2},"end":{"line":46,"column":null}},"18":{"start":{"line":46,"column":4},"end":{"line":46,"column":null}},"19":{"start":{"line":49,"column":2},"end":{"line":49,"column":null}},"20":{"start":{"line":53,"column":0},"end":{"line":61,"column":null}},"21":{"start":{"line":54,"column":13},"end":{"line":54,"column":30}},"22":{"start":{"line":55,"column":18},"end":{"line":55,"column":40}},"23":{"start":{"line":56,"column":2},"end":{"line":57,"column":null}},"24":{"start":{"line":57,"column":4},"end":{"line":57,"column":null}},"25":{"start":{"line":60,"column":2},"end":{"line":60,"column":null}}},"fnMap":{"0":{"name":"(anonymous_0)","decl":{"start":{"line":11,"column":19},"end":{"line":11,"column":26}},"loc":{"start":{"line":11,"column":32},"end":{"line":13,"column":null}},"line":11},"1":{"name":"(anonymous_1)","decl":{"start":{"line":16,"column":20},"end":{"line":16,"column":27}},"loc":{"start":{"line":16,"column":33},"end":{"line":37,"column":null}},"line":16},"2":{"name":"(anonymous_2)","decl":{"start":{"line":40,"column":23},"end":{"line":40,"column":30}},"loc":{"start":{"line":40,"column":36},"end":{"line":50,"column":null}},"line":40},"3":{"name":"(anonymous_3)","decl":{"start":{"line":53,"column":26},"end":{"line":53,"column":33}},"loc":{"start":{"line":53,"column":39},"end":{"line":61,"column":null}},"line":53}},"branchMap":{"0":{"loc":{"start":{"line":18,"column":2},"end":{"line":19,"column":null}},"type":"if","locations":[{"start":{"line":18,"column":2},"end":{"line":19,"column":null}},{"start":{},"end":{}}],"line":18},"1":{"loc":{"start":{"line":18,"column":6},"end":{"line":18,"column":43}},"type":"binary-expr","locations":[{"start":{"line":18,"column":6},"end":{"line":18,"column":18}},{"start":{"line":18,"column":18},"end":{"line":18,"column":32}},{"start":{"line":18,"column":32},"end":{"line":18,"column":43}}],"line":18},"2":{"loc":{"start":{"line":23,"column":2},"end":{"line":24,"column":null}},"type":"if","locations":[{"start":{"line":23,"column":2},"end":{"line":24,"column":null}},{"start":{},"end":{}}],"line":23},"3":{"loc":{"start":{"line":31,"column":13},"end":{"line":31,"column":null}},"type":"binary-expr","locations":[{"start":{"line":31,"column":13},"end":{"line":31,"column":29}},{"start":{"line":31,"column":29},"end":{"line":31,"column":null}}],"line":31},"4":{"loc":{"start":{"line":32,"column":17},"end":{"line":32,"column":null}},"type":"binary-expr","locations":[{"start":{"line":32,"column":17},"end":{"line":32,"column":37}},{"start":{"line":32,"column":37},"end":{"line":32,"column":null}}],"line":32},"5":{"loc":{"start":{"line":33,"column":12},"end":{"line":33,"column":null}},"type":"binary-expr","locations":[{"start":{"line":33,"column":12},"end":{"line":33,"column":27}},{"start":{"line":33,"column":27},"end":{"line":33,"column":null}}],"line":33},"6":{"loc":{"start":{"line":45,"column":2},"end":{"line":46,"column":null}},"type":"if","locations":[{"start":{"line":45,"column":2},"end":{"line":46,"column":null}},{"start":{},"end":{}}],"line":45},"7":{"loc":{"start":{"line":56,"column":2},"end":{"line":57,"column":null}},"type":"if","locations":[{"start":{"line":56,"column":2},"end":{"line":57,"column":null}},{"start":{},"end":{}}],"line":56}},"s":{"0":2,"1":2,"2":2,"3":3,"4":2,"5":4,"6":4,"7":1,"8":3,"9":3,"10":1,"11":2,"12":4,"13":2,"14":2,"15":2,"16":2,"17":2,"18":1,"19":1,"20":2,"21":2,"22":2,"23":2,"24":1,"25":1},"f":{"0":3,"1":4,"2":2,"3":2},"b":{"0":[1,3],"1":[4,4,3],"2":[1,2],"3":[2,2],"4":[4,2],"5":[4,2],"6":[1,1],"7":[1,1]},"meta":{"lastBranch":8,"lastFunction":4,"lastStatement":26,"seen":{"s:6:14:6:24":0,"s:8:0:8:Infinity":1,"s:11:0:13:Infinity":2,"f:11:19:11:26":0,"s:12:2:12:Infinity":3,"s:16:0:37:Infinity":4,"f:16:20:16:27":1,"s:17:15:17:77":5,"b:18:2:19:Infinity:undefined:undefined:undefined:undefined":0,"s:18:2:19:Infinity":6,"b:18:6:18:18:18:18:18:32:18:32:18:43":1,"s:19:4:19:Infinity":7,"s:22:19:22:43":8,"b:23:2:24:Infinity:undefined:undefined:undefined:undefined":2,"s:23:2:24:Infinity":9,"s:24:4:24:Infinity":10,"s:27:19:34:Infinity":11,"b:31:13:31:29:31:29:31:Infinity":3,"b:32:17:32:37:32:37:32:Infinity":4,"b:33:12:33:27:33:27:33:Infinity":5,"s:36:2:36:Infinity":12,"s:40:0:50:Infinity":13,"f:40:23:40:30":2,"s:41:13:41:30":14,"s:42:15:42:59":15,"s:44:18:44:46":16,"b:45:2:46:Infinity:undefined:undefined:undefined:undefined":6,"s:45:2:46:Infinity":17,"s:46:4:46:Infinity":18,"s:49:2:49:Infinity":19,"s:53:0:61:Infinity":20,"f:53:26:53:33":3,"s:54:13:54:30":21,"s:55:18:55:40":22,"b:56:2:57:Infinity:undefined:undefined:undefined:undefined":7,"s:56:2:57:Infinity":23,"s:57:4:57:Infinity":24,"s:60:2:60:Infinity":25}}}
,"/Users/rob/code/robscholey/robscholey_auth-microservice/src/routes/auth.ts": {"path":"/Users/rob/code/robscholey/robscholey_auth-microservice/src/routes/auth.ts","statementMap":{"0":{"start":{"line":9,"column":13},"end":{"line":9,"column":23}},"1":{"start":{"line":16,"column":8},"end":{"line":16,"column":36}},"2":{"start":{"line":17,"column":14},"end":{"line":17,"column":24}},"3":{"start":{"line":19,"column":2},"end":{"line":27,"column":null}},"4":{"start":{"line":29,"column":14},"end":{"line":33,"column":4}},"5":{"start":{"line":35,"column":8},"end":{"line":35,"column":72}},"6":{"start":{"line":35,"column":50},"end":{"line":35,"column":71}},"7":{"start":{"line":37,"column":2},"end":{"line":42,"column":null}},"8":{"start":{"line":46,"column":0},"end":{"line":68,"column":null}},"9":{"start":{"line":47,"column":8},"end":{"line":47,"column":72}},"10":{"start":{"line":47,"column":53},"end":{"line":47,"column":72}},"11":{"start":{"line":48,"column":2},"end":{"line":49,"column":null}},"12":{"start":{"line":49,"column":4},"end":{"line":49,"column":null}},"13":{"start":{"line":52,"column":15},"end":{"line":52,"column":73}},"14":{"start":{"line":53,"column":2},"end":{"line":54,"column":null}},"15":{"start":{"line":54,"column":4},"end":{"line":54,"column":null}},"16":{"start":{"line":57,"column":15},"end":{"line":64,"column":4}},"17":{"start":{"line":66,"column":8},"end":{"line":66,"column":57}},"18":{"start":{"line":66,"column":52},"end":{"line":66,"column":57}},"19":{"start":{"line":67,"column":2},"end":{"line":67,"column":null}},"20":{"start":{"line":71,"column":0},"end":{"line":89,"column":null}},"21":{"start":{"line":72,"column":15},"end":{"line":72,"column":73}},"22":{"start":{"line":73,"column":2},"end":{"line":74,"column":null}},"23":{"start":{"line":74,"column":4},"end":{"line":74,"column":null}},"24":{"start":{"line":77,"column":15},"end":{"line":77,"column":56}},"25":{"start":{"line":78,"column":2},"end":{"line":79,"column":null}},"26":{"start":{"line":79,"column":4},"end":{"line":79,"column":null}},"27":{"start":{"line":82,"column":16},"end":{"line":82,"column":71}},"28":{"start":{"line":83,"column":2},"end":{"line":84,"column":null}},"29":{"start":{"line":84,"column":4},"end":{"line":84,"column":null}},"30":{"start":{"line":87,"column":8},"end":{"line":87,"column":57}},"31":{"start":{"line":87,"column":52},"end":{"line":87,"column":57}},"32":{"start":{"line":88,"column":2},"end":{"line":88,"column":null}},"33":{"start":{"line":92,"column":0},"end":{"line":136,"column":null}},"34":{"start":{"line":93,"column":15},"end":{"line":93,"column":70}},"35":{"start":{"line":94,"column":2},"end":{"line":95,"column":null}},"36":{"start":{"line":95,"column":4},"end":{"line":95,"column":null}},"37":{"start":{"line":98,"column":15},"end":{"line":98,"column":42}},"38":{"start":{"line":99,"column":2},"end":{"line":100,"column":null}},"39":{"start":{"line":100,"column":4},"end":{"line":100,"column":null}},"40":{"start":{"line":103,"column":2},"end":{"line":104,"column":null}},"41":{"start":{"line":104,"column":4},"end":{"line":104,"column":null}},"42":{"start":{"line":108,"column":2},"end":{"line":114,"column":null}},"43":{"start":{"line":109,"column":4},"end":{"line":110,"column":null}},"44":{"start":{"line":110,"column":6},"end":{"line":110,"column":null}},"45":{"start":{"line":112,"column":18},"end":{"line":112,"column":73}},"46":{"start":{"line":113,"column":4},"end":{"line":114,"column":null}},"47":{"start":{"line":114,"column":6},"end":{"line":114,"column":null}},"48":{"start":{"line":120,"column":2},"end":{"line":132,"column":null}},"49":{"start":{"line":121,"column":21},"end":{"line":121,"column":50}},"50":{"start":{"line":122,"column":4},"end":{"line":123,"column":null}},"51":{"start":{"line":123,"column":6},"end":{"line":123,"column":null}},"52":{"start":{"line":125,"column":4},"end":{"line":125,"column":null}},"53":{"start":{"line":127,"column":4},"end":{"line":132,"column":null}},"54":{"start":{"line":135,"column":2},"end":{"line":135,"column":null}},"55":{"start":{"line":139,"column":0},"end":{"line":181,"column":null}},"56":{"start":{"line":140,"column":16},"end":{"line":140,"column":36}},"57":{"start":{"line":141,"column":2},"end":{"line":142,"column":null}},"58":{"start":{"line":142,"column":4},"end":{"line":142,"column":null}},"59":{"start":{"line":145,"column":18},"end":{"line":145,"column":44}},"60":{"start":{"line":146,"column":2},"end":{"line":147,"column":null}},"61":{"start":{"line":147,"column":4},"end":{"line":147,"column":null}},"62":{"start":{"line":150,"column":2},"end":{"line":152,"column":null}},"63":{"start":{"line":151,"column":4},"end":{"line":151,"column":null}},"64":{"start":{"line":152,"column":4},"end":{"line":152,"column":null}},"65":{"start":{"line":155,"column":2},"end":{"line":155,"column":null}},"66":{"start":{"line":157,"column":15},"end":{"line":157,"column":null}},"67":{"start":{"line":160,"column":15},"end":{"line":160,"column":null}},"68":{"start":{"line":161,"column":2},"end":{"line":162,"column":null}},"69":{"start":{"line":162,"column":4},"end":{"line":162,"column":null}},"70":{"start":{"line":162,"column":45},"end":{"line":162,"column":50}},"71":{"start":{"line":165,"column":8},"end":{"line":165,"column":72}},"72":{"start":{"line":165,"column":50},"end":{"line":165,"column":71}},"73":{"start":{"line":167,"column":14},"end":{"line":171,"column":4}},"74":{"start":{"line":173,"column":2},"end":{"line":180,"column":null}},"75":{"start":{"line":184,"column":0},"end":{"line":192,"column":null}},"76":{"start":{"line":185,"column":15},"end":{"line":185,"column":59}},"77":{"start":{"line":186,"column":2},"end":{"line":187,"column":null}},"78":{"start":{"line":187,"column":4},"end":{"line":187,"column":null}},"79":{"start":{"line":190,"column":2},"end":{"line":190,"column":null}},"80":{"start":{"line":191,"column":2},"end":{"line":191,"column":null}}},"fnMap":{"0":{"name":"createAuthResponse","decl":{"start":{"line":11,"column":15},"end":{"line":11,"column":null}},"loc":{"start":{"line":15,"column":2},"end":{"line":42,"column":null}},"line":15},"1":{"name":"(anonymous_1)","decl":{"start":{"line":35,"column":36},"end":{"line":35,"column":44}},"loc":{"start":{"line":35,"column":50},"end":{"line":35,"column":71}},"line":35},"2":{"name":"(anonymous_2)","decl":{"start":{"line":46,"column":20},"end":{"line":46,"column":27}},"loc":{"start":{"line":46,"column":33},"end":{"line":68,"column":null}},"line":46},"3":{"name":"(anonymous_3)","decl":{"start":{"line":47,"column":39},"end":{"line":47,"column":47}},"loc":{"start":{"line":47,"column":53},"end":{"line":47,"column":72}},"line":47},"4":{"name":"(anonymous_4)","decl":{"start":{"line":66,"column":41},"end":{"line":66,"column":46}},"loc":{"start":{"line":66,"column":52},"end":{"line":66,"column":57}},"line":66},"5":{"name":"(anonymous_5)","decl":{"start":{"line":71,"column":31},"end":{"line":71,"column":38}},"loc":{"start":{"line":71,"column":44},"end":{"line":89,"column":null}},"line":71},"6":{"name":"(anonymous_6)","decl":{"start":{"line":87,"column":41},"end":{"line":87,"column":46}},"loc":{"start":{"line":87,"column":52},"end":{"line":87,"column":57}},"line":87},"7":{"name":"(anonymous_7)","decl":{"start":{"line":92,"column":39},"end":{"line":92,"column":46}},"loc":{"start":{"line":92,"column":52},"end":{"line":136,"column":null}},"line":92},"8":{"name":"(anonymous_8)","decl":{"start":{"line":139,"column":21},"end":{"line":139,"column":28}},"loc":{"start":{"line":139,"column":34},"end":{"line":181,"column":null}},"line":139},"9":{"name":"(anonymous_9)","decl":{"start":{"line":162,"column":34},"end":{"line":162,"column":39}},"loc":{"start":{"line":162,"column":45},"end":{"line":162,"column":50}},"line":162},"10":{"name":"(anonymous_10)","decl":{"start":{"line":165,"column":36},"end":{"line":165,"column":44}},"loc":{"start":{"line":165,"column":50},"end":{"line":165,"column":71}},"line":165},"11":{"name":"(anonymous_11)","decl":{"start":{"line":184,"column":21},"end":{"line":184,"column":28}},"loc":{"start":{"line":184,"column":34},"end":{"line":192,"column":null}},"line":184}},"branchMap":{"0":{"loc":{"start":{"line":48,"column":2},"end":{"line":49,"column":null}},"type":"if","locations":[{"start":{"line":48,"column":2},"end":{"line":49,"column":null}},{"start":{},"end":{}}],"line":48},"1":{"loc":{"start":{"line":53,"column":2},"end":{"line":54,"column":null}},"type":"if","locations":[{"start":{"line":53,"column":2},"end":{"line":54,"column":null}},{"start":{},"end":{}}],"line":53},"2":{"loc":{"start":{"line":53,"column":6},"end":{"line":53,"column":40}},"type":"binary-expr","locations":[{"start":{"line":53,"column":6},"end":{"line":53,"column":24}},{"start":{"line":53,"column":24},"end":{"line":53,"column":40}}],"line":53},"3":{"loc":{"start":{"line":73,"column":2},"end":{"line":74,"column":null}},"type":"if","locations":[{"start":{"line":73,"column":2},"end":{"line":74,"column":null}},{"start":{},"end":{}}],"line":73},"4":{"loc":{"start":{"line":73,"column":6},"end":{"line":73,"column":40}},"type":"binary-expr","locations":[{"start":{"line":73,"column":6},"end":{"line":73,"column":24}},{"start":{"line":73,"column":24},"end":{"line":73,"column":40}}],"line":73},"5":{"loc":{"start":{"line":78,"column":2},"end":{"line":79,"column":null}},"type":"if","locations":[{"start":{"line":78,"column":2},"end":{"line":79,"column":null}},{"start":{},"end":{}}],"line":78},"6":{"loc":{"start":{"line":78,"column":6},"end":{"line":78,"column":60}},"type":"binary-expr","locations":[{"start":{"line":78,"column":6},"end":{"line":78,"column":15}},{"start":{"line":78,"column":15},"end":{"line":78,"column":40}},{"start":{"line":78,"column":40},"end":{"line":78,"column":60}}],"line":78},"7":{"loc":{"start":{"line":83,"column":2},"end":{"line":84,"column":null}},"type":"if","locations":[{"start":{"line":83,"column":2},"end":{"line":84,"column":null}},{"start":{},"end":{}}],"line":83},"8":{"loc":{"start":{"line":94,"column":2},"end":{"line":95,"column":null}},"type":"if","locations":[{"start":{"line":94,"column":2},"end":{"line":95,"column":null}},{"start":{},"end":{}}],"line":94},"9":{"loc":{"start":{"line":99,"column":2},"end":{"line":100,"column":null}},"type":"if","locations":[{"start":{"line":99,"column":2},"end":{"line":100,"column":null}},{"start":{},"end":{}}],"line":99},"10":{"loc":{"start":{"line":103,"column":2},"end":{"line":104,"column":null}},"type":"if","locations":[{"start":{"line":103,"column":2},"end":{"line":104,"column":null}},{"start":{},"end":{}}],"line":103},"11":{"loc":{"start":{"line":103,"column":6},"end":{"line":103,"column":51}},"type":"binary-expr","locations":[{"start":{"line":103,"column":6},"end":{"line":103,"column":24}},{"start":{"line":103,"column":24},"end":{"line":103,"column":51}}],"line":103},"12":{"loc":{"start":{"line":108,"column":2},"end":{"line":114,"column":null}},"type":"if","locations":[{"start":{"line":108,"column":2},"end":{"line":114,"column":null}},{"start":{},"end":{}}],"line":108},"13":{"loc":{"start":{"line":109,"column":4},"end":{"line":110,"column":null}},"type":"if","locations":[{"start":{"line":109,"column":4},"end":{"line":110,"column":null}},{"start":{},"end":{}}],"line":109},"14":{"loc":{"start":{"line":113,"column":4},"end":{"line":114,"column":null}},"type":"if","locations":[{"start":{"line":113,"column":4},"end":{"line":114,"column":null}},{"start":{},"end":{}}],"line":113},"15":{"loc":{"start":{"line":120,"column":2},"end":{"line":132,"column":null}},"type":"if","locations":[{"start":{"line":120,"column":2},"end":{"line":132,"column":null}},{"start":{"line":126,"column":9},"end":{"line":132,"column":null}}],"line":120},"16":{"loc":{"start":{"line":122,"column":4},"end":{"line":123,"column":null}},"type":"if","locations":[{"start":{"line":122,"column":4},"end":{"line":123,"column":null}},{"start":{},"end":{}}],"line":122},"17":{"loc":{"start":{"line":141,"column":2},"end":{"line":142,"column":null}},"type":"if","locations":[{"start":{"line":141,"column":2},"end":{"line":142,"column":null}},{"start":{},"end":{}}],"line":141},"18":{"loc":{"start":{"line":146,"column":2},"end":{"line":147,"column":null}},"type":"if","locations":[{"start":{"line":146,"column":2},"end":{"line":147,"column":null}},{"start":{},"end":{}}],"line":146},"19":{"loc":{"start":{"line":150,"column":2},"end":{"line":152,"column":null}},"type":"if","locations":[{"start":{"line":150,"column":2},"end":{"line":152,"column":null}},{"start":{},"end":{}}],"line":150},"20":{"loc":{"start":{"line":157,"column":15},"end":{"line":157,"column":null}},"type":"cond-expr","locations":[{"start":{"line":157,"column":32},"end":{"line":157,"column":64}},{"start":{"line":157,"column":67},"end":{"line":157,"column":null}}],"line":157},"21":{"loc":{"start":{"line":161,"column":2},"end":{"line":162,"column":null}},"type":"if","locations":[{"start":{"line":161,"column":2},"end":{"line":162,"column":null}},{"start":{},"end":{}}],"line":161},"22":{"loc":{"start":{"line":168,"column":9},"end":{"line":168,"column":null}},"type":"binary-expr","locations":[{"start":{"line":168,"column":9},"end":{"line":168,"column":21}},{"start":{"line":168,"column":21},"end":{"line":168,"column":null}}],"line":168},"23":{"loc":{"start":{"line":169,"column":10},"end":{"line":169,"column":null}},"type":"binary-expr","locations":[{"start":{"line":169,"column":10},"end":{"line":169,"column":24}},{"start":{"line":169,"column":24},"end":{"line":169,"column":null}}],"line":169},"24":{"loc":{"start":{"line":170,"column":10},"end":{"line":170,"column":null}},"type":"binary-expr","locations":[{"start":{"line":170,"column":10},"end":{"line":170,"column":24}},{"start":{"line":170,"column":24},"end":{"line":170,"column":null}}],"line":170},"25":{"loc":{"start":{"line":176,"column":10},"end":{"line":178,"column":null}},"type":"cond-expr","locations":[{"start":{"line":177,"column":8},"end":{"line":177,"column":null}},{"start":{"line":178,"column":8},"end":{"line":178,"column":null}}],"line":176},"26":{"loc":{"start":{"line":186,"column":2},"end":{"line":187,"column":null}},"type":"if","locations":[{"start":{"line":186,"column":2},"end":{"line":187,"column":null}},{"start":{},"end":{}}],"line":186}},"s":{"0":2,"1":27,"2":27,"3":27,"4":27,"5":27,"6":0,"7":27,"8":2,"9":24,"10":1,"11":24,"12":1,"13":23,"14":23,"15":1,"16":22,"17":22,"18":0,"19":22,"20":2,"21":8,"22":8,"23":0,"24":8,"25":8,"26":1,"27":7,"28":7,"29":6,"30":1,"31":0,"32":1,"33":2,"34":15,"35":15,"36":1,"37":14,"38":14,"39":6,"40":8,"41":1,"42":7,"43":3,"44":1,"45":2,"46":2,"47":1,"48":5,"49":2,"50":2,"51":1,"52":1,"53":3,"54":4,"55":2,"56":6,"57":6,"58":1,"59":5,"60":5,"61":2,"62":3,"63":1,"64":1,"65":2,"66":2,"67":6,"68":6,"69":2,"70":0,"71":2,"72":0,"73":2,"74":2,"75":2,"76":3,"77":3,"78":1,"79":2,"80":2},"f":{"0":27,"1":0,"2":24,"3":1,"4":0,"5":8,"6":0,"7":15,"8":6,"9":0,"10":0,"11":3},"b":{"0":[1,23],"1":[1,22],"2":[23,23],"3":[0,8],"4":[8,8],"5":[1,7],"6":[8,7,7],"7":[6,1],"8":[1,14],"9":[6,8],"10":[1,7],"11":[8,1],"12":[3,4],"13":[1,2],"14":[1,1],"15":[2,3],"16":[1,1],"17":[1,5],"18":[2,3],"19":[1,2],"20":[2,0],"21":[2,4],"22":[2,0],"23":[6,0],"24":[6,0],"25":[2,0],"26":[1,2]},"meta":{"lastBranch":27,"lastFunction":12,"lastStatement":81,"seen":{"s:9:13:9:23":0,"f:11:15:11:Infinity":0,"s:16:8:16:36":1,"s:17:14:17:24":2,"s:19:2:27:Infinity":3,"s:29:14:33:4":4,"s:35:8:35:72":5,"f:35:36:35:44":1,"s:35:50:35:71":6,"s:37:2:42:Infinity":7,"s:46:0:68:Infinity":8,"f:46:20:46:27":2,"s:47:8:47:72":9,"f:47:39:47:47":3,"s:47:53:47:72":10,"b:48:2:49:Infinity:undefined:undefined:undefined:undefined":0,"s:48:2:49:Infinity":11,"s:49:4:49:Infinity":12,"s:52:15:52:73":13,"b:53:2:54:Infinity:undefined:undefined:undefined:undefined":1,"s:53:2:54:Infinity":14,"b:53:6:53:24:53:24:53:40":2,"s:54:4:54:Infinity":15,"s:57:15:64:4":16,"s:66:8:66:57":17,"f:66:41:66:46":4,"s:66:52:66:57":18,"s:67:2:67:Infinity":19,"s:71:0:89:Infinity":20,"f:71:31:71:38":5,"s:72:15:72:73":21,"b:73:2:74:Infinity:undefined:undefined:undefined:undefined":3,"s:73:2:74:Infinity":22,"b:73:6:73:24:73:24:73:40":4,"s:74:4:74:Infinity":23,"s:77:15:77:56":24,"b:78:2:79:Infinity:undefined:undefined:undefined:undefined":5,"s:78:2:79:Infinity":25,"b:78:6:78:15:78:15:78:40:78:40:78:60":6,"s:79:4:79:Infinity":26,"s:82:16:82:71":27,"b:83:2:84:Infinity:undefined:undefined:undefined:undefined":7,"s:83:2:84:Infinity":28,"s:84:4:84:Infinity":29,"s:87:8:87:57":30,"f:87:41:87:46":6,"s:87:52:87:57":31,"s:88:2:88:Infinity":32,"s:92:0:136:Infinity":33,"f:92:39:92:46":7,"s:93:15:93:70":34,"b:94:2:95:Infinity:undefined:undefined:undefined:undefined":8,"s:94:2:95:Infinity":35,"s:95:4:95:Infinity":36,"s:98:15:98:42":37,"b:99:2:100:Infinity:undefined:undefined:undefined:undefined":9,"s:99:2:100:Infinity":38,"s:100:4:100:Infinity":39,"b:103:2:104:Infinity:undefined:undefined:undefined:undefined":10,"s:103:2:104:Infinity":40,"b:103:6:103:24:103:24:103:51":11,"s:104:4:104:Infinity":41,"b:108:2:114:Infinity:undefined:undefined:undefined:undefined":12,"s:108:2:114:Infinity":42,"b:109:4:110:Infinity:undefined:undefined:undefined:undefined":13,"s:109:4:110:Infinity":43,"s:110:6:110:Infinity":44,"s:112:18:112:73":45,"b:113:4:114:Infinity:undefined:undefined:undefined:undefined":14,"s:113:4:114:Infinity":46,"s:114:6:114:Infinity":47,"b:120:2:132:Infinity:126:9:132:Infinity":15,"s:120:2:132:Infinity":48,"s:121:21:121:50":49,"b:122:4:123:Infinity:undefined:undefined:undefined:undefined":16,"s:122:4:123:Infinity":50,"s:123:6:123:Infinity":51,"s:125:4:125:Infinity":52,"s:127:4:132:Infinity":53,"s:135:2:135:Infinity":54,"s:139:0:181:Infinity":55,"f:139:21:139:28":8,"s:140:16:140:36":56,"b:141:2:142:Infinity:undefined:undefined:undefined:undefined":17,"s:141:2:142:Infinity":57,"s:142:4:142:Infinity":58,"s:145:18:145:44":59,"b:146:2:147:Infinity:undefined:undefined:undefined:undefined":18,"s:146:2:147:Infinity":60,"s:147:4:147:Infinity":61,"b:150:2:152:Infinity:undefined:undefined:undefined:undefined":19,"s:150:2:152:Infinity":62,"s:151:4:151:Infinity":63,"s:152:4:152:Infinity":64,"s:155:2:155:Infinity":65,"s:157:15:157:Infinity":66,"b:157:32:157:64:157:67:157:Infinity":20,"s:160:15:160:Infinity":67,"b:161:2:162:Infinity:undefined:undefined:undefined:undefined":21,"s:161:2:162:Infinity":68,"s:162:4:162:Infinity":69,"f:162:34:162:39":9,"s:162:45:162:50":70,"s:165:8:165:72":71,"f:165:36:165:44":10,"s:165:50:165:71":72,"s:167:14:171:4":73,"b:168:9:168:21:168:21:168:Infinity":22,"b:169:10:169:24:169:24:169:Infinity":23,"b:170:10:170:24:170:24:170:Infinity":24,"s:173:2:180:Infinity":74,"b:177:8:177:Infinity:178:8:178:Infinity":25,"s:184:0:192:Infinity":75,"f:184:21:184:28":11,"s:185:15:185:59":76,"b:186:2:187:Infinity:undefined:undefined:undefined:undefined":26,"s:186:2:187:Infinity":77,"s:187:4:187:Infinity":78,"s:190:2:190:Infinity":79,"s:191:2:191:Infinity":80}}}
}
